c:\users\andreapepsii\downloads\prog_jocs_framework_v2\framework\visualstudio15\vs2015\debug\vc140.pdb
c:\users\andreapepsii\downloads\prog_jocs_framework_v2\framework\visualstudio15\vs2015\debug\vc140.idb
c:\users\andreapepsii\downloads\prog_jocs_framework_v2\framework\visualstudio15\vs2015\debug\camera.obj
c:\users\andreapepsii\downloads\prog_jocs_framework_v2\framework\visualstudio15\vs2015\debug\textparser.obj
c:\users\andreapepsii\downloads\prog_jocs_framework_v2\framework\visualstudio15\vs2015\debug\framework.obj
c:\users\andreapepsii\downloads\prog_jocs_framework_v2\framework\visualstudio15\vs2015\debug\game.obj
c:\users\andreapepsii\downloads\prog_jocs_framework_v2\framework\visualstudio15\vs2015\debug\main.obj
c:\users\andreapepsii\downloads\prog_jocs_framework_v2\framework\visualstudio15\vs2015\debug\mesh.obj
c:\users\andreapepsii\downloads\prog_jocs_framework_v2\framework\visualstudio15\vs2015\debug\rendertotexture.obj
c:\users\andreapepsii\downloads\prog_jocs_framework_v2\framework\visualstudio15\vs2015\debug\shader.obj
c:\users\andreapepsii\downloads\prog_jocs_framework_v2\framework\visualstudio15\vs2015\debug\texture.obj
c:\users\andreapepsii\downloads\prog_jocs_framework_v2\framework\visualstudio15\vs2015\debug\utils.obj
c:\users\andreapepsii\downloads\prog_jocs_framework_v2\framework\visualstudio15\vs2015\debug\resourcemanager.obj
c:\users\andreapepsii\downloads\prog_jocs_framework_v2\framework\visualstudio15\vs2015\debug\gameobjectmesh.obj
c:\users\andreapepsii\downloads\prog_jocs_framework_v2\framework\visualstudio15\vs2015\debug\gameobjectenvironment.obj
c:\users\andreapepsii\downloads\prog_jocs_framework_v2\framework\visualstudio15\vs2015\debug\scene.obj
c:\users\andreapepsii\downloads\prog_jocs_framework_v2\framework\visualstudio15\vs2015\debug\gameobject.obj
c:\users\andreapepsii\downloads\prog_jocs_framework_v2\framework\visualstudio_debug.exe
c:\users\andreapepsii\downloads\prog_jocs_framework_v2\framework\visualstudio_debug.pdb
c:\users\andreapepsii\downloads\prog_jocs_framework_v2\framework\visualstudio15\vs2015\..\..\visualstudio_debug.exe
c:\users\andreapepsii\downloads\prog_jocs_framework_v2\framework\visualstudio15\vs2015\debug\visualstudio.tlog\cl.command.1.tlog
c:\users\andreapepsii\downloads\prog_jocs_framework_v2\framework\visualstudio15\vs2015\debug\visualstudio.tlog\cl.read.1.tlog
c:\users\andreapepsii\downloads\prog_jocs_framework_v2\framework\visualstudio15\vs2015\debug\visualstudio.tlog\cl.write.1.tlog
c:\users\andreapepsii\downloads\prog_jocs_framework_v2\framework\visualstudio15\vs2015\debug\visualstudio.tlog\link.command.1.tlog
c:\users\andreapepsii\downloads\prog_jocs_framework_v2\framework\visualstudio15\vs2015\debug\visualstudio.tlog\link.read.1.tlog
c:\users\andreapepsii\downloads\prog_jocs_framework_v2\framework\visualstudio15\vs2015\debug\visualstudio.tlog\link.write.1.tlog
